# Relatório de CI/CD - calculadora_v2

Status: FALHOU

Resumo dos erros pytest:

- test_divide: AssertionError: '6 / 3 = 2.0' != '6 / 3 = 2'
- test_power: AssertionError: '2 ^ 3 = 8.0' != '2 ^ 3 = 8'

Veja o log completo em /tmp/pytest_calculadora_v2.log

Ação necessária: Corrigir os erros acima e garantir que todos os testes passem para considerar o projeto entregue.
